<?xml version="1.0" encoding="UTF-8"?>
<!-- Generated by org.testng.reporters.JUnitReportReporter -->
<testsuite hostname="DESKTOP-GO4A6FH" failures="0" tests="1" name="org.org.SeleniumConcepts1pts1.ExtentReports_Concepts" time="1.388" errors="0" timestamp="2024-02-13T20:22:33 IST" skipped="0">
  <testcase classname="org.org.SeleniumConcepts1pts1.ExtentReports_Concepts" name="setUp" time="1.388"/>
</testsuite> <!-- org.org.SeleniumConcepts1pts1.ExtentReports_Concepts -->
