<?xml version="1.0" encoding="UTF-8"?>
<!-- Generated by org.testng.reporters.JUnitReportReporter -->
<testsuite hostname="DESKTOP-GO4A6FH" failures="0" tests="2" name="org.org.SeleniumConcepts1pts1.Calender" time="11.569" errors="0" timestamp="2024-01-30T18:07:47 IST" skipped="0">
  <testcase classname="org.org.SeleniumConcepts1pts1.Calender" name="test1" time="6.362"/>
  <testcase classname="org.org.SeleniumConcepts1pts1.Calender" name="test2" time="5.207"/>
</testsuite> <!-- org.org.SeleniumConcepts1pts1.Calender -->
