<?xml version="1.0" encoding="UTF-8"?>
<!-- Generated by org.testng.reporters.JUnitReportReporter -->
<testsuite hostname="DESKTOP-GO4A6FH" failures="0" tests="1" name="org.org.SeleniumConcepts1pts1.CheckboxIsselected" time="8.086" errors="0" timestamp="2024-01-17T15:02:52 IST" skipped="0">
  <testcase classname="org.org.SeleniumConcepts1pts1.CheckboxIsselected" name="setup" time="8.086"/>
</testsuite> <!-- org.org.SeleniumConcepts1pts1.CheckboxIsselected -->
