<?xml version="1.0" encoding="UTF-8"?>
<!-- Generated by org.testng.reporters.JUnitReportReporter -->
<testsuite hostname="DESKTOP-GO4A6FH" failures="0" tests="1" name="org.org.SeleniumConcepts1pts1.Xpath" time="3.599" errors="0" timestamp="2024-02-28T19:01:14 IST" skipped="0">
  <testcase classname="org.org.SeleniumConcepts1pts1.Xpath" name="setUp" time="3.599"/>
</testsuite> <!-- org.org.SeleniumConcepts1pts1.Xpath -->
