<?xml version="1.0" encoding="UTF-8"?>
<!-- Generated by org.testng.reporters.JUnitReportReporter -->
<testsuite hostname="DESKTOP-GO4A6FH" failures="0" tests="1" name="org.org.SeleniumConcepts1pts1.Mouseover" time="10.926" errors="0" timestamp="2024-02-21T16:55:50 IST" skipped="0">
  <testcase classname="org.org.SeleniumConcepts1pts1.Mouseover" name="case1" time="10.926"/>
</testsuite> <!-- org.org.SeleniumConcepts1pts1.Mouseover -->
