<?xml version="1.0" encoding="UTF-8"?>
<!-- Generated by org.testng.reporters.JUnitReportReporter -->
<testsuite hostname="DESKTOP-GO4A6FH" failures="0" tests="1" name="org.org.SeleniumConcepts1pts1.DeleteCookies" time="3.414" errors="0" timestamp="2024-01-10T08:30:07 IST" skipped="0">
  <testcase classname="org.org.SeleniumConcepts1pts1.DeleteCookies" name="cookies" time="3.414"/>
</testsuite> <!-- org.org.SeleniumConcepts1pts1.DeleteCookies -->
