<?xml version="1.0" encoding="UTF-8"?>
<!-- Generated by org.testng.reporters.JUnitReportReporter -->
<testsuite hostname="DESKTOP-GO4A6FH" failures="0" tests="3" name="Hello" time="4.646" errors="0" timestamp="2023-11-08T19:41:12 IST" skipped="0">
  <testcase classname="Hello" name="testcase1" time="0.007"/>
  <testcase classname="Hello" name="testcase2" time="0.003"/>
  <testcase classname="Hello" name="setup" time="4.636"/>
</testsuite> <!-- Hello -->
